# JRE version: OpenJDK Runtime Environment Temurin-17.0.10+7 (17.0.10+7) (build 17.0.10+7)
# Java VM: OpenJDK 64-Bit Server VM Temurin-17.0.10+7 (17.0.10+7, mixed mode, tiered, compressed oops, compressed class ptrs, parallel gc, windows-amd64)
GC Precious Log:
 CPUs: 4 total, 4 available
 Memory: 8060M
 Large Page Support: Disabled
 NUMA Support: Disabled
 Compressed Oops: Enabled (32-bit)
 Alignments: Space 512K, Generation 512K, Heap 2M
 Heap Min Capacity: 100M
 Heap Initial Capacity: 100M
 Heap Max Capacity: 1G
 Pre-touch: Disabled
 Parallel Workers: 4
Heap:
 PSYoungGen      total 2048K, used 128K [0x00000000eab00000, 0x00000000eaf00000, 0x0000000100000000)
  eden space 1536K, 0% used [0x00000000eab00000,0x00000000eab00000,0x00000000eac80000)
  from space 512K, 25% used [0x00000000eae80000,0x00000000eaea0000,0x00000000eaf00000)
  to   space 512K, 0% used [0x00000000eae00000,0x00000000eae00000,0x00000000eae80000)
 ParOldGen       total 180736K, used 180617K [0x00000000c0000000, 0x00000000cb080000, 0x00000000eab00000)
  object space 180736K, 99% used [0x00000000c0000000,0x00000000cb062780,0x00000000cb080000)
 Metaspace       used 99448K, committed 100672K, reserved 1179648K
  class space    used 9545K, committed 10048K, reserved 1048576K
GC Heap History (20 events):
Event: 70130.633 GC heap after
{Heap after GC invocations=27129 (full 255):
 PSYoungGen      total 2048K, used 96K [0x00000000eab00000, 0x00000000eaf00000, 0x0000000100000000)
  eden space 1536K, 0% used [0x00000000eab00000,0x00000000eab00000,0x00000000eac80000)
  from space 512K, 18% used [0x00000000eae00000,0x00000000eae18000,0x00000000eae80000)
  to   space 512K, 0% used [0x00000000eae80000,0x00000000eae80000,0x00000000eaf00000)
 ParOldGen       total 180736K, used 180210K [0x00000000c0000000, 0x00000000cb080000, 0x00000000eab00000)
  object space 180736K, 99% used [0x00000000c0000000,0x00000000caffc930,0x00000000cb080000)
 Metaspace       used 99448K, committed 100672K, reserved 1179648K
  class space    used 9545K, committed 10048K, reserved 1048576K
}
Event: 70130.643 GC heap before
{Heap before GC invocations=27130 (full 255):
 PSYoungGen      total 2048K, used 1632K [0x00000000eab00000, 0x00000000eaf00000, 0x0000000100000000)
  eden space 1536K, 100% used [0x00000000eab00000,0x00000000eac80000,0x00000000eac80000)
  from space 512K, 18% used [0x00000000eae00000,0x00000000eae18000,0x00000000eae80000)
  to   space 512K, 0% used [0x00000000eae80000,0x00000000eae80000,0x00000000eaf00000)
 ParOldGen       total 180736K, used 180210K [0x00000000c0000000, 0x00000000cb080000, 0x00000000eab00000)
  object space 180736K, 99% used [0x00000000c0000000,0x00000000caffc930,0x00000000cb080000)
 Metaspace       used 99448K, committed 100672K, reserved 1179648K
  class space    used 9545K, committed 10048K, reserved 1048576K
}
Event: 70130.645 GC heap after
{Heap after GC invocations=27130 (full 255):
 PSYoungGen      total 2048K, used 128K [0x00000000eab00000, 0x00000000eaf00000, 0x0000000100000000)
  eden space 1536K, 0% used [0x00000000eab00000,0x00000000eab00000,0x00000000eac80000)
  from space 512K, 25% used [0x00000000eae80000,0x00000000eaea0000,0x00000000eaf00000)
  to   space 512K, 0% used [0x00000000eae00000,0x00000000eae00000,0x00000000eae80000)
 ParOldGen       total 180736K, used 180226K [0x00000000c0000000, 0x00000000cb080000, 0x00000000eab00000)
  object space 180736K, 99% used [0x00000000c0000000,0x00000000cb000930,0x00000000cb080000)
 Metaspace       used 99448K, committed 100672K, reserved 1179648K
  class space    used 9545K, committed 10048K, reserved 1048576K
}
Event: 70130.659 GC heap before
{Heap before GC invocations=27131 (full 255):
 PSYoungGen      total 2048K, used 1664K [0x00000000eab00000, 0x00000000eaf00000, 0x0000000100000000)
  eden space 1536K, 100% used [0x00000000eab00000,0x00000000eac80000,0x00000000eac80000)
  from space 512K, 25% used [0x00000000eae80000,0x00000000eaea0000,0x00000000eaf00000)
  to   space 512K, 0% used [0x00000000eae00000,0x00000000eae00000,0x00000000eae80000)
 ParOldGen       total 180736K, used 180226K [0x00000000c0000000, 0x00000000cb080000, 0x00000000eab00000)
  object space 180736K, 99% used [0x00000000c0000000,0x00000000cb000930,0x00000000cb080000)
 Metaspace       used 99448K, committed 100672K, reserved 1179648K
  class space    used 9545K, committed 10048K, reserved 1048576K
}
Event: 70130.662 GC heap after
{Heap after GC invocations=27131 (full 255):
 PSYoungGen      total 2048K, used 160K [0x00000000eab00000, 0x00000000eaf00000, 0x0000000100000000)
  eden space 1536K, 0% used [0x00000000eab00000,0x00000000eab00000,0x00000000eac80000)
  from space 512K, 31% used [0x00000000eae00000,0x00000000eae28000,0x00000000eae80000)
  to   space 512K, 0% used [0x00000000eae80000,0x00000000eae80000,0x00000000eaf00000)
 ParOldGen       total 180736K, used 180266K [0x00000000c0000000, 0x00000000cb080000, 0x00000000eab00000)
  object space 180736K, 99% used [0x00000000c0000000,0x00000000cb00a930,0x00000000cb080000)
 Metaspace       used 99448K, committed 100672K, reserved 1179648K
  class space    used 9545K, committed 10048K, reserved 1048576K
}
Event: 70130.669 GC heap before
{Heap before GC invocations=27132 (full 255):
 PSYoungGen      total 2048K, used 1696K [0x00000000eab00000, 0x00000000eaf00000, 0x0000000100000000)
  eden space 1536K, 100% used [0x00000000eab00000,0x00000000eac80000,0x00000000eac80000)
  from space 512K, 31% used [0x00000000eae00000,0x00000000eae28000,0x00000000eae80000)
  to   space 512K, 0% used [0x00000000eae80000,0x00000000eae80000,0x00000000eaf00000)
 ParOldGen       total 180736K, used 180266K [0x00000000c0000000, 0x00000000cb080000, 0x00000000eab00000)
  object space 180736K, 99% used [0x00000000c0000000,0x00000000cb00a930,0x00000000cb080000)
 Metaspace       used 99448K, committed 100672K, reserved 1179648K
  class space    used 9545K, committed 10048K, reserved 1048576K
}
Event: 70130.671 GC heap after
{Heap after GC invocations=27132 (full 255):
 PSYoungGen      total 2048K, used 96K [0x00000000eab00000, 0x00000000eaf00000, 0x0000000100000000)
  eden space 1536K, 0% used [0x00000000eab00000,0x00000000eab00000,0x00000000eac80000)
  from space 512K, 18% used [0x00000000eae80000,0x00000000eae98000,0x00000000eaf00000)
  to   space 512K, 0% used [0x00000000eae00000,0x00000000eae00000,0x00000000eae80000)
 ParOldGen       total 180736K, used 180360K [0x00000000c0000000, 0x00000000cb080000, 0x00000000eab00000)
  object space 180736K, 99% used [0x00000000c0000000,0x00000000cb0223c8,0x00000000cb080000)
 Metaspace       used 99448K, committed 100672K, reserved 1179648K
  class space    used 9545K, committed 10048K, reserved 1048576K
}
Event: 70130.720 GC heap before
{Heap before GC invocations=27133 (full 255):
 PSYoungGen      total 2048K, used 1632K [0x00000000eab00000, 0x00000000eaf00000, 0x0000000100000000)
  eden space 1536K, 100% used [0x00000000eab00000,0x00000000eac80000,0x00000000eac80000)
  from space 512K, 18% used [0x00000000eae80000,0x00000000eae98000,0x00000000eaf00000)
  to   space 512K, 0% used [0x00000000eae00000,0x00000000eae00000,0x00000000eae80000)
 ParOldGen       total 180736K, used 180360K [0x00000000c0000000, 0x00000000cb080000, 0x00000000eab00000)
  object space 180736K, 99% used [0x00000000c0000000,0x00000000cb0223c8,0x00000000cb080000)
 Metaspace       used 99448K, committed 100672K, reserved 1179648K
  class space    used 9545K, committed 10048K, reserved 1048576K
}
Event: 70130.721 GC heap after
{Heap after GC invocations=27133 (full 255):
 PSYoungGen      total 2048K, used 416K [0x00000000eab00000, 0x00000000eaf00000, 0x0000000100000000)
  eden space 1536K, 0% used [0x00000000eab00000,0x00000000eab00000,0x00000000eac80000)
  from space 512K, 81% used [0x00000000eae00000,0x00000000eae68020,0x00000000eae80000)
  to   space 512K, 0% used [0x00000000eae80000,0x00000000eae80000,0x00000000eaf00000)
 ParOldGen       total 180736K, used 180368K [0x00000000c0000000, 0x00000000cb080000, 0x00000000eab00000)
  object space 180736K, 99% used [0x00000000c0000000,0x00000000cb0243c8,0x00000000cb080000)
 Metaspace       used 99448K, committed 100672K, reserved 1179648K
  class space    used 9545K, committed 10048K, reserved 1048576K
}
Event: 70130.794 GC heap before
{Heap before GC invocations=27134 (full 255):
 PSYoungGen      total 2048K, used 1949K [0x00000000eab00000, 0x00000000eaf00000, 0x0000000100000000)
  eden space 1536K, 99% used [0x00000000eab00000,0x00000000eac7f610,0x00000000eac80000)
  from space 512K, 81% used [0x00000000eae00000,0x00000000eae68020,0x00000000eae80000)
  to   space 512K, 0% used [0x00000000eae80000,0x00000000eae80000,0x00000000eaf00000)
 ParOldGen       total 180736K, used 180368K [0x00000000c0000000, 0x00000000cb080000, 0x00000000eab00000)
  object space 180736K, 99% used [0x00000000c0000000,0x00000000cb0243c8,0x00000000cb080000)
 Metaspace       used 99448K, committed 100672K, reserved 1179648K
  class space    used 9545K, committed 10048K, reserved 1048576K
}
Event: 70130.796 GC heap after
{Heap after GC invocations=27134 (full 255):
 PSYoungGen      total 2048K, used 96K [0x00000000eab00000, 0x00000000eaf00000, 0x0000000100000000)
  eden space 1536K, 0% used [0x00000000eab00000,0x00000000eab00000,0x00000000eac80000)
  from space 512K, 18% used [0x00000000eae80000,0x00000000eae98000,0x00000000eaf00000)
  to   space 512K, 0% used [0x00000000eae00000,0x00000000eae00000,0x00000000eae80000)
 ParOldGen       total 180736K, used 180392K [0x00000000c0000000, 0x00000000cb080000, 0x00000000eab00000)
  object space 180736K, 99% used [0x00000000c0000000,0x00000000cb02a3c8,0x00000000cb080000)
 Metaspace       used 99448K, committed 100672K, reserved 1179648K
  class space    used 9545K, committed 10048K, reserved 1048576K
}
Event: 70130.802 GC heap before
{Heap before GC invocations=27135 (full 255):
 PSYoungGen      total 2048K, used 1632K [0x00000000eab00000, 0x00000000eaf00000, 0x0000000100000000)
  eden space 1536K, 100% used [0x00000000eab00000,0x00000000eac80000,0x00000000eac80000)
  from space 512K, 18% used [0x00000000eae80000,0x00000000eae98000,0x00000000eaf00000)
  to   space 512K, 0% used [0x00000000eae00000,0x00000000eae00000,0x00000000eae80000)
 ParOldGen       total 180736K, used 180392K [0x00000000c0000000, 0x00000000cb080000, 0x00000000eab00000)
  object space 180736K, 99% used [0x00000000c0000000,0x00000000cb02a3c8,0x00000000cb080000)
 Metaspace       used 99448K, committed 100672K, reserved 1179648K
  class space    used 9545K, committed 10048K, reserved 1048576K
}
Event: 70130.803 GC heap after
{Heap after GC invocations=27135 (full 255):
 PSYoungGen      total 2048K, used 336K [0x00000000eab00000, 0x00000000eaf00000, 0x0000000100000000)
  eden space 1536K, 0% used [0x00000000eab00000,0x00000000eab00000,0x00000000eac80000)
  from space 512K, 65% used [0x00000000eae00000,0x00000000eae54010,0x00000000eae80000)
  to   space 512K, 0% used [0x00000000eae80000,0x00000000eae80000,0x00000000eaf00000)
 ParOldGen       total 180736K, used 180416K [0x00000000c0000000, 0x00000000cb080000, 0x00000000eab00000)
  object space 180736K, 99% used [0x00000000c0000000,0x00000000cb0303c8,0x00000000cb080000)
 Metaspace       used 99448K, committed 100672K, reserved 1179648K
  class space    used 9545K, committed 10048K, reserved 1048576K
}
Event: 70131.082 GC heap before
{Heap before GC invocations=27136 (full 255):
 PSYoungGen      total 2048K, used 1872K [0x00000000eab00000, 0x00000000eaf00000, 0x0000000100000000)
  eden space 1536K, 100% used [0x00000000eab00000,0x00000000eac80000,0x00000000eac80000)
  from space 512K, 65% used [0x00000000eae00000,0x00000000eae54010,0x00000000eae80000)
  to   space 512K, 0% used [0x00000000eae80000,0x00000000eae80000,0x00000000eaf00000)
 ParOldGen       total 180736K, used 180416K [0x00000000c0000000, 0x00000000cb080000, 0x00000000eab00000)
  object space 180736K, 99% used [0x00000000c0000000,0x00000000cb0303c8,0x00000000cb080000)
 Metaspace       used 99448K, committed 100672K, reserved 1179648K
  class space    used 9545K, committed 10048K, reserved 1048576K
}
Event: 70131.086 GC heap after
{Heap after GC invocations=27136 (full 255):
 PSYoungGen      total 2048K, used 96K [0x00000000eab00000, 0x00000000eaf00000, 0x0000000100000000)
  eden space 1536K, 0% used [0x00000000eab00000,0x00000000eab00000,0x00000000eac80000)
  from space 512K, 18% used [0x00000000eae80000,0x00000000eae98000,0x00000000eaf00000)
  to   space 512K, 0% used [0x00000000eae00000,0x00000000eae00000,0x00000000eae80000)
 ParOldGen       total 180736K, used 180432K [0x00000000c0000000, 0x00000000cb080000, 0x00000000eab00000)
  object space 180736K, 99% used [0x00000000c0000000,0x00000000cb0343c8,0x00000000cb080000)
 Metaspace       used 99448K, committed 100672K, reserved 1179648K
  class space    used 9545K, committed 10048K, reserved 1048576K
}
Event: 70131.097 GC heap before
{Heap before GC invocations=27137 (full 255):
 PSYoungGen      total 2048K, used 1632K [0x00000000eab00000, 0x00000000eaf00000, 0x0000000100000000)
  eden space 1536K, 100% used [0x00000000eab00000,0x00000000eac80000,0x00000000eac80000)
  from space 512K, 18% used [0x00000000eae80000,0x00000000eae98000,0x00000000eaf00000)
  to   space 512K, 0% used [0x00000000eae00000,0x00000000eae00000,0x00000000eae80000)
 ParOldGen       total 180736K, used 180432K [0x00000000c0000000, 0x00000000cb080000, 0x00000000eab00000)
  object space 180736K, 99% used [0x00000000c0000000,0x00000000cb0343c8,0x00000000cb080000)
 Metaspace       used 99448K, committed 100672K, reserved 1179648K
  class space    used 9545K, committed 10048K, reserved 1048576K
}
Event: 70131.104 GC heap after
{Heap after GC invocations=27137 (full 255):
 PSYoungGen      total 2048K, used 224K [0x00000000eab00000, 0x00000000eaf00000, 0x0000000100000000)
  eden space 1536K, 0% used [0x00000000eab00000,0x00000000eab00000,0x00000000eac80000)
  from space 512K, 43% used [0x00000000eae00000,0x00000000eae38020,0x00000000eae80000)
  to   space 512K, 0% used [0x00000000eae80000,0x00000000eae80000,0x00000000eaf00000)
 ParOldGen       total 180736K, used 180464K [0x00000000c0000000, 0x00000000cb080000, 0x00000000eab00000)
  object space 180736K, 99% used [0x00000000c0000000,0x00000000cb03c3c8,0x00000000cb080000)
 Metaspace       used 99448K, committed 100672K, reserved 1179648K
  class space    used 9545K, committed 10048K, reserved 1048576K
}
Event: 70131.123 GC heap before
{Heap before GC invocations=27138 (full 255):
 PSYoungGen      total 2048K, used 1760K [0x00000000eab00000, 0x00000000eaf00000, 0x0000000100000000)
  eden space 1536K, 100% used [0x00000000eab00000,0x00000000eac80000,0x00000000eac80000)
  from space 512K, 43% used [0x00000000eae00000,0x00000000eae38020,0x00000000eae80000)
  to   space 512K, 0% used [0x00000000eae80000,0x00000000eae80000,0x00000000eaf00000)
 ParOldGen       total 180736K, used 180464K [0x00000000c0000000, 0x00000000cb080000, 0x00000000eab00000)
  object space 180736K, 99% used [0x00000000c0000000,0x00000000cb03c3c8,0x00000000cb080000)
 Metaspace       used 99448K, committed 100672K, reserved 1179648K
  class space    used 9545K, committed 10048K, reserved 1048576K
}
Event: 70131.131 GC heap after
{Heap after GC invocations=27138 (full 255):
 PSYoungGen      total 2048K, used 128K [0x00000000eab00000, 0x00000000eaf00000, 0x0000000100000000)
  eden space 1536K, 0% used [0x00000000eab00000,0x00000000eab00000,0x00000000eac80000)
  from space 512K, 25% used [0x00000000eae80000,0x00000000eaea0000,0x00000000eaf00000)
  to   space 512K, 0% used [0x00000000eae00000,0x00000000eae00000,0x00000000eae80000)
 ParOldGen       total 180736K, used 180617K [0x00000000c0000000, 0x00000000cb080000, 0x00000000eab00000)
  object space 180736K, 99% used [0x00000000c0000000,0x00000000cb062780,0x00000000cb080000)
 Metaspace       used 99448K, committed 100672K, reserved 1179648K
  class space    used 9545K, committed 10048K, reserved 1048576K
}
Event: 70131.131 GC heap before
{Heap before GC invocations=27139 (full 256):
 PSYoungGen      total 2048K, used 128K [0x00000000eab00000, 0x00000000eaf00000, 0x0000000100000000)
  eden space 1536K, 0% used [0x00000000eab00000,0x00000000eab00000,0x00000000eac80000)
  from space 512K, 25% used [0x00000000eae80000,0x00000000eaea0000,0x00000000eaf00000)
  to   space 512K, 0% used [0x00000000eae00000,0x00000000eae00000,0x00000000eae80000)
 ParOldGen       total 180736K, used 180617K [0x00000000c0000000, 0x00000000cb080000, 0x00000000eab00000)
  object space 180736K, 99% used [0x00000000c0000000,0x00000000cb062780,0x00000000cb080000)
 Metaspace       used 99448K, committed 100672K, reserved 1179648K
  class space    used 9545K, committed 10048K, reserved 1048576K
}

